<?xml version="1.0" encoding="UTF-8"?>
<testng-results skipped="0" failed="1" ignored="0" total="1" passed="0">
  <reporter-output>
  </reporter-output>
  <suite name="Default suite" duration-ms="7101" started-at="2022-02-01T18:59:08 MST" finished-at="2022-02-01T18:59:15 MST">
    <groups>
    </groups>
    <test name="Default test" duration-ms="7101" started-at="2022-02-01T18:59:08 MST" finished-at="2022-02-01T18:59:15 MST">
      <class name="com.testscenarios.Pizza__Order_Form">
        <test-method status="PASS" signature="beforeClass(java.lang.String)[pri:0, instance:com.testscenarios.Pizza__Order_Form@b9afc07]" name="beforeClass" is-config="true" duration-ms="4472" started-at="2022-02-01T18:59:08 MST" finished-at="2022-02-01T18:59:12 MST">
          <params>
            <param index="0">
              <value>
                <![CDATA[chrome]]>
              </value>
            </param>
          </params>
          <reporter-output>
          </reporter-output>
        </test-method> <!-- beforeClass -->
        <test-method status="FAIL" signature="pizzaorder()[pri:0, instance:com.testscenarios.Pizza__Order_Form@b9afc07]" name="pizzaorder" duration-ms="2581" started-at="2022-02-01T18:59:12 MST" finished-at="2022-02-01T18:59:15 MST">
          <exception class="java.lang.AssertionError">
            <message>
              <![CDATA[check2:Actual popup text does not match expected popup text expected [Thank you for your order! TOTAL: 13.5 Small 6 Slices - no toppings***] but found [Thank you for your order! TOTAL: 13.5 Small 6 Slices - no toppings]]]>
            </message>
            <full-stacktrace>
              <![CDATA[java.lang.AssertionError: check2:Actual popup text does not match expected popup text expected [Thank you for your order! TOTAL: 13.5 Small 6 Slices - no toppings***] but found [Thank you for your order! TOTAL: 13.5 Small 6 Slices - no toppings]
at org.testng.Assert.fail(Assert.java:99)
at org.testng.Assert.failNotEquals(Assert.java:1037)
at org.testng.Assert.assertEqualsImpl(Assert.java:140)
at org.testng.Assert.assertEquals(Assert.java:122)
at org.testng.Assert.assertEquals(Assert.java:629)
at com.testscenarios.Pizza__Order_Form.testHardAsserts(Pizza__Order_Form.java:55)
at com.testscenarios.Pizza__Order_Form.pizzaorder(Pizza__Order_Form.java:41)
at sun.reflect.NativeMethodAccessorImpl.invoke0(Native Method)
at sun.reflect.NativeMethodAccessorImpl.invoke(NativeMethodAccessorImpl.java:62)
at sun.reflect.DelegatingMethodAccessorImpl.invoke(DelegatingMethodAccessorImpl.java:43)
at java.lang.reflect.Method.invoke(Method.java:498)
at org.testng.internal.MethodInvocationHelper.invokeMethod(MethodInvocationHelper.java:133)
at org.testng.internal.TestInvoker.invokeMethod(TestInvoker.java:598)
at org.testng.internal.TestInvoker.invokeTestMethod(TestInvoker.java:173)
at org.testng.internal.MethodRunner.runInSequence(MethodRunner.java:46)
at org.testng.internal.TestInvoker$MethodInvocationAgent.invoke(TestInvoker.java:824)
at org.testng.internal.TestInvoker.invokeTestMethods(TestInvoker.java:146)
at org.testng.internal.TestMethodWorker.invokeTestMethods(TestMethodWorker.java:146)
at org.testng.internal.TestMethodWorker.run(TestMethodWorker.java:128)
at java.util.ArrayList.forEach(ArrayList.java:1257)
at org.testng.TestRunner.privateRun(TestRunner.java:794)
at org.testng.TestRunner.run(TestRunner.java:596)
at org.testng.SuiteRunner.runTest(SuiteRunner.java:377)
at org.testng.SuiteRunner.runSequentially(SuiteRunner.java:371)
at org.testng.SuiteRunner.privateRun(SuiteRunner.java:332)
at org.testng.SuiteRunner.run(SuiteRunner.java:276)
at org.testng.SuiteRunnerWorker.runSuite(SuiteRunnerWorker.java:53)
at org.testng.SuiteRunnerWorker.run(SuiteRunnerWorker.java:96)
at org.testng.TestNG.runSuitesSequentially(TestNG.java:1212)
at org.testng.TestNG.runSuitesLocally(TestNG.java:1134)
at org.testng.TestNG.runSuites(TestNG.java:1063)
at org.testng.TestNG.run(TestNG.java:1031)
at org.testng.remote.AbstractRemoteTestNG.run(AbstractRemoteTestNG.java:115)
at org.testng.remote.RemoteTestNG.initAndRun(RemoteTestNG.java:251)
at org.testng.remote.RemoteTestNG.main(RemoteTestNG.java:77)
]]>
            </full-stacktrace>
          </exception> <!-- java.lang.AssertionError -->
          <reporter-output>
          </reporter-output>
        </test-method> <!-- pizzaorder -->
      </class> <!-- com.testscenarios.Pizza__Order_Form -->
    </test> <!-- Default test -->
  </suite> <!-- Default suite -->
</testng-results>
